#
# There is insufficient memory for the Java Runtime Environment to continue.
# Native memory allocation (mmap) failed to map 117440512 bytes for Failed to commit area from 0x0000000090c00000 to 0x0000000097c00000 of length 117440512.
# Possible reasons:
#   The system is out of physical RAM or swap space
#   The process is running with CompressedOops enabled, and the Java Heap may be blocking the growth of the native heap
# Possible solutions:
#   Reduce memory load on the system
#   Increase physical memory or swap space
#   Check if swap backing store is full
#   Decrease Java heap size (-Xmx/-Xms)
#   Decrease number of Java threads
#   Decrease Java thread stack sizes (-Xss)
#   Set larger code cache with -XX:ReservedCodeCacheSize=
# This output file may be truncated or incomplete.
#
#  Out of Memory Error (t:/workspace/open/src/hotspot/os/windows/os_windows.cpp:3301), pid=15932, tid=9108
#
# JRE version:  (13.0.2+8) (build )
# Java VM: Java HotSpot(TM) 64-Bit Server VM (13.0.2+8, mixed mode, aot, sharing, tiered, compressed oops, g1 gc, windows-amd64)
# No core dump will be written. Minidumps are not enabled by default on client versions of Windows
#

---------------  S U M M A R Y ------------

Command Line: -Dfile.encoding=UTF-8 Main

Host: AMD Ryzen 5 2500U with Radeon Vega Mobile Gfx  , 8 cores, 6G,  Windows 10 , 64 bit Build 19041 (10.0.19041.928)
Time: Mon May 24 12:37:09 2021 SE Asia Standard Time elapsed time: 0 seconds (0d 0h 0m 0s)

---------------  T H R E A D  ---------------

Current thread (0x00000204f23c6000):  JavaThread "Unknown thread" [_thread_in_vm, id=9108, stack(0x0000000cb6a00000,0x0000000cb6b00000)]

Stack: [0x0000000cb6a00000,0x0000000cb6b00000]
Native frames: (J=compiled Java code, j=interpreted, Vv=VM code, C=native code)
V  [jvm.dll+0x624f9a]
V  [jvm.dll+0x770cfa]
V  [jvm.dll+0x7724af]
V  [jvm.dll+0x772ab3]
V  [jvm.dll+0x24bf08]
V  [jvm.dll+0x6222aa]
V  [jvm.dll+0x6170b5]
V  [jvm.dll+0x30a88c]
V  [jvm.dll+0x30a6c2]
V  [jvm.dll+0x30fe36]
V  [jvm.dll+0x353f46]
V  [jvm.dll+0x353720]
V  [jvm.dll+0x2e550a]
V  [jvm.dll+0x2e67a2]
V  [jvm.dll+0x74dd78]
V  [jvm.dll+0x361989]
V  [jvm.dll+0x730e65]
V  [jvm.dll+0x3cc53f]
V  [jvm.dll+0x3ce861]
C  [jli.dll+0x51ff]
C  [ucrtbase.dll+0x21bb2]
C  [KERNEL32.DLL+0x17034]
C  [ntdll.dll+0x52651]


---------------  P R O C E S S  ---------------

Threads class SMR info:
_java_thread_list=0x00007ffbb669ccb8, length=0, elements={
}

Java Threads: ( => current thread )

Other Threads:
  0x00000204f2408800 GCTaskThread "GC Thread#0" [stack: 0x0000000cb6b00000,0x0000000cb6c00000] [id=3928]
  0x00000204f2418000 ConcurrentGCThread "G1 Main Marker" [stack: 0x0000000cb6c00000,0x0000000cb6d00000] [id=17184]
  0x00000204f2419800 ConcurrentGCThread "G1 Conc#0" [stack: 0x0000000cb6d00000,0x0000000cb6e00000] [id=14636]

[error occurred during error reporting (printing all threads), id 0xc0000005, EXCEPTION_ACCESS_VIOLATION (0xc0000005) at pc=0x00007ffbb5ed51d7]

VM state:not at safepoint (not fully initialized)

VM Mutex/Monitor currently owned by a thread:  ([mutex/lock_event])
[0x00000204f23c2480] Heap_lock - owner thread: 0x00000204f23c6000

Heap address: 0x0000000090c00000, size: 1780 MB, Compressed Oops mode: Non-zero based: 0x0000000090c00000
Narrow klass base: 0x0000000000000000, Narrow klass shift: 0

GC Heap History (0 events):
No events

Deoptimization events (0 events):
No events

Classes unloaded (0 events):
No events

Classes redefined (0 events):
No events

Internal exceptions (0 events):
No events

Events (8 events):
Event: 0.013 Loaded shared library C:\Program Files\Java\jdk-13.0.2\bin\zip.dll
Event: 0.014 Loaded shared library C:\Program Files\Java\jdk-13.0.2\bin\jimage.dll
Event: 0.018 Loading shared library C:\Program Files\Java\jdk-13.0.2\lib\libjava.base-coop.dll failed, error code 126
Event: 0.018 Loading shared library C:\Program Files\Java\jdk-13.0.2\lib\libjava.logging-coop.dll failed, error code 126
Event: 0.018 Loading shared library C:\Program Files\Java\jdk-13.0.2\lib\libjdk.compiler-coop.dll failed, error code 126
Event: 0.018 Loading shared library C:\Program Files\Java\jdk-13.0.2\lib\libjdk.scripting.nashorn-coop.dll failed, error code 126
Event: 0.018 Loading shared library C:\Program Files\Java\jdk-13.0.2\lib\libjdk.internal.vm.ci-coop.dll failed, error code 126
Event: 0.018 Loading shared library C:\Program Files\Java\jdk-13.0.2\lib\libjdk.internal.vm.compiler-coop.dll failed, error code 126


Dynamic libraries:
0x00007ff76b580000 - 0x00007ff76b58f000 	C:\Program Files\Java\jdk-13.0.2\bin\java.exe
0x00007ffc1d070000 - 0x00007ffc1d265000 	C:\WINDOWS\SYSTEM32\ntdll.dll
0x00007ffc1b1a0000 - 0x00007ffc1b25d000 	C:\WINDOWS\System32\KERNEL32.DLL
0x00007ffc1a970000 - 0x00007ffc1ac38000 	C:\WINDOWS\System32\KERNELBASE.dll
0x00007ffc1ad50000 - 0x00007ffc1ae50000 	C:\WINDOWS\System32\ucrtbase.dll
0x00007ffbf50f0000 - 0x00007ffbf5105000 	C:\Program Files\Java\jdk-13.0.2\bin\VCRUNTIME140.dll
0x00007ffc02980000 - 0x00007ffc02998000 	C:\Program Files\Java\jdk-13.0.2\bin\jli.dll
0x00007ffc1cea0000 - 0x00007ffc1cf4c000 	C:\WINDOWS\System32\ADVAPI32.dll
0x00007ffc1cb30000 - 0x00007ffc1cbce000 	C:\WINDOWS\System32\msvcrt.dll
0x00007ffc1ba00000 - 0x00007ffc1ba9b000 	C:\WINDOWS\System32\sechost.dll
0x00007ffc1b7d0000 - 0x00007ffc1b8fb000 	C:\WINDOWS\System32\RPCRT4.dll
0x00007ffc1c8a0000 - 0x00007ffc1ca40000 	C:\WINDOWS\System32\USER32.dll
0x00007ffc1a860000 - 0x00007ffc1a882000 	C:\WINDOWS\System32\win32u.dll
0x00007ffc07c70000 - 0x00007ffc07f0a000 	C:\WINDOWS\WinSxS\amd64_microsoft.windows.common-controls_6595b64144ccf1df_6.0.19041.844_none_ca00b6081b84eb1d\COMCTL32.dll
0x00007ffc1b160000 - 0x00007ffc1b18a000 	C:\WINDOWS\System32\GDI32.dll
0x00007ffc1ac40000 - 0x00007ffc1ad4b000 	C:\WINDOWS\System32\gdi32full.dll
0x00007ffc1aea0000 - 0x00007ffc1af3d000 	C:\WINDOWS\System32\msvcp_win.dll
0x00007ffc140c0000 - 0x00007ffc140ca000 	C:\WINDOWS\SYSTEM32\VERSION.dll
0x00007ffc1cf50000 - 0x00007ffc1cf80000 	C:\WINDOWS\System32\IMM32.DLL
0x00007ffbd7800000 - 0x00007ffbd789b000 	C:\Program Files\Java\jdk-13.0.2\bin\msvcp140.dll
0x00007ffbb5be0000 - 0x00007ffbb673d000 	C:\Program Files\Java\jdk-13.0.2\bin\server\jvm.dll
0x00007ffc1b900000 - 0x00007ffc1b908000 	C:\WINDOWS\System32\PSAPI.DLL
0x00007ffc08950000 - 0x00007ffc08959000 	C:\WINDOWS\SYSTEM32\WSOCK32.dll
0x00007ffc10870000 - 0x00007ffc10897000 	C:\WINDOWS\SYSTEM32\WINMM.dll
0x00007ffc1cac0000 - 0x00007ffc1cb2b000 	C:\WINDOWS\System32\WS2_32.dll
0x00007ffc190d0000 - 0x00007ffc190e2000 	C:\WINDOWS\SYSTEM32\kernel.appcore.dll
0x00007ffc161f0000 - 0x00007ffc16200000 	C:\Program Files\Java\jdk-13.0.2\bin\verify.dll
0x00007ffc18e70000 - 0x00007ffc19054000 	C:\WINDOWS\SYSTEM32\DBGHELP.DLL
0x00007ffc07fb0000 - 0x00007ffc07fdc000 	C:\WINDOWS\SYSTEM32\dbgcore.DLL
0x00007ffc1a890000 - 0x00007ffc1a910000 	C:\WINDOWS\System32\bcryptPrimitives.dll
0x00007ffbdc810000 - 0x00007ffbdc836000 	C:\Program Files\Java\jdk-13.0.2\bin\java.dll
0x00007ffbd7a80000 - 0x00007ffbd7a97000 	C:\Program Files\Java\jdk-13.0.2\bin\zip.dll
0x00007ffc10230000 - 0x00007ffc1023a000 	C:\Program Files\Java\jdk-13.0.2\bin\jimage.dll

dbghelp: loaded successfully - version: 4.0.5 - missing functions: none
symbol engine: initialized successfully - sym options: 0x614 - pdb path: .;C:\Program Files\Java\jdk-13.0.2\bin;C:\WINDOWS\SYSTEM32;C:\WINDOWS\WinSxS\amd64_microsoft.windows.common-controls_6595b64144ccf1df_6.0.19041.844_none_ca00b6081b84eb1d;C:\Program Files\Java\jdk-13.0.2\bin\server

VM Arguments:
jvm_args: -Dfile.encoding=UTF-8 
java_command: Main
java_class_path (initial): C:\Programming\Java\pbo\KalkulatorBalok\build\classes
Launcher Type: SUN_STANDARD

[Global flags]
     intx CICompilerCount                          = 4                                         {product} {ergonomic}
     uint ConcGCThreads                            = 2                                         {product} {ergonomic}
     uint G1ConcRefinementThreads                  = 8                                         {product} {ergonomic}
   size_t G1HeapRegionSize                         = 1048576                                   {product} {ergonomic}
    uintx GCDrainStackTargetSize                   = 64                                        {product} {ergonomic}
   size_t InitialHeapSize                          = 117440512                                 {product} {ergonomic}
   size_t MarkStackSize                            = 4194304                                   {product} {ergonomic}
   size_t MaxHeapSize                              = 1866465280                                {product} {ergonomic}
   size_t MinHeapDeltaBytes                        = 1048576                                   {product} {ergonomic}
   size_t MinHeapSize                              = 8388608                                   {product} {ergonomic}
    uintx NonNMethodCodeHeapSize                   = 5839372                                {pd product} {ergonomic}
    uintx NonProfiledCodeHeapSize                  = 122909434                              {pd product} {ergonomic}
    uintx ProfiledCodeHeapSize                     = 122909434                              {pd product} {ergonomic}
    uintx ReservedCodeCacheSize                    = 251658240                              {pd product} {ergonomic}
     bool SegmentedCodeCache                       = true                                      {product} {ergonomic}
   size_t SoftMaxHeapSize                          = 1866465280                             {manageable} {ergonomic}
     bool UseCompressedClassPointers               = true                                 {lp64_product} {ergonomic}
     bool UseCompressedOops                        = true                                 {lp64_product} {ergonomic}
     bool UseG1GC                                  = true                                      {product} {ergonomic}
     bool UseLargePagesIndividualAllocation        = false                                  {pd product} {ergonomic}

Logging:
Log output configuration:
 #0: stdout all=warning uptime,level,tags
 #1: stderr all=off uptime,level,tags

Environment Variables:
PATH=C:\WINDOWS\system32;C:\WINDOWS;C:\WINDOWS\System32\Wbem;C:\WINDOWS\System32\WindowsPowerShell\v1.0\;C:\WINDOWS\System32\OpenSSH\;C:\Program Files\nodejs\;C:\xampp\php;C:\ProgramData\ComposerSetup\bin;C:\Program Files\Git\cmd;C:\Program Files\Polyspace\R2020a\runtime\win64;C:\Program Files\Polyspace\R2020a\bin;C:\Program Files\Polyspace\R2020a\polyspace\bin;C:\Users\agila\AppData\Local\Programs\Python\Python39\Scripts\;C:\Users\agila\AppData\Local\Programs\Python\Python39\;C:\MinGW\bin;C:\Users\agila\AppData\Roaming\npm;C:\Users\agila\AppData\Local\Programs\Common\Microsoft VS Code\bin;C:\Users\agila\AppData\Roaming\Composer\vendor\bin
USERNAME=agila
OS=Windows_NT
PROCESSOR_IDENTIFIER=AMD64 Family 23 Model 17 Stepping 0, AuthenticAMD



---------------  S Y S T E M  ---------------

OS: Windows 10 , 64 bit Build 19041 (10.0.19041.928)

CPU:total 8 (initial active 8) (8 cores per cpu, 2 threads per core) family 23 model 17 stepping 0, cmov, cx8, fxsr, mmx, sse, sse2, sse3, ssse3, sse4.1, sse4.2, popcnt, avx, avx2, aes, clmul, mmxext, 3dnowpref, lzcnt, sse4a, ht, tsc, tscinvbit, tscinv, bmi1, bmi2, adx, sha, fma

Memory: 4k page, system-wide physical 7117M (456M free)
TotalPageFile size 15117M (AvailPageFile size 21M)
current process WorkingSet (physical memory assigned to process): 10M, peak: 10M
current process commit charge ("private bytes"): 60M, peak: 172M

vm_info: Java HotSpot(TM) 64-Bit Server VM (13.0.2+8) for windows-amd64 JRE (13.0.2+8), built on Dec 11 2019 09:20:33 by "mach5one" with unknown MS VC++:1916

END.
